<?xml version="1.0" encoding="UTF-8"?>
<!-- Generated by org.testng.reporters.JUnitReportReporter -->
<testsuite hostname="LAPTOP-BIM2FR3V" failures="0" tests="1" name="scenarios.DynDataHand" time="34.815" errors="0" timestamp="2024-12-26T04:26:58 IST" skipped="0">
  <testcase classname="scenarios.DynDataHand" name="switchwin" time="34.815"/>
</testsuite> <!-- scenarios.DynDataHand -->
