<?xml version="1.0" encoding="UTF-8"?>
<!-- Generated by org.testng.reporters.JUnitReportReporter -->
<testsuite hostname="LAPTOP-BIM2FR3V" failures="0" tests="1" name="scenarios.DatePicker" time="9.502" errors="0" timestamp="2024-12-26T04:26:58 IST" skipped="0">
  <testcase classname="scenarios.DatePicker" name="selDate" time="9.502"/>
</testsuite> <!-- scenarios.DatePicker -->
