<?xml version="1.0" encoding="UTF-8"?>
<!-- Generated by org.testng.reporters.JUnitReportReporter -->
<testsuite hostname="LAPTOP-BIM2FR3V" failures="0" tests="1" name="scenarios.dragAndDrop" time="8.829" errors="0" timestamp="2024-12-27T04:43:57 IST" skipped="0">
  <testcase classname="scenarios.dragAndDrop" name="dragdrp" time="8.829"/>
</testsuite> <!-- scenarios.dragAndDrop -->
