<?xml version="1.0" encoding="UTF-8"?>
<!-- Generated by org.testng.reporters.JUnitReportReporter -->
<testsuite hostname="LAPTOP-BIM2FR3V" failures="0" tests="1" name="scenarios.DatePicker" time="13.948" errors="0" timestamp="2024-12-27T04:43:57 IST" skipped="0">
  <testcase classname="scenarios.DatePicker" name="selDate" time="13.948"/>
</testsuite> <!-- scenarios.DatePicker -->
